<?xml version="1.0" encoding="UTF-8"?>
<!-- Generated by org.testng.reporters.JUnitXMLReporter -->
<testsuite ignored="1" hostname="DESKTOP-4K8BJUH" failures="1" tests="19" name="Test" time="0.156" errors="0" timestamp="2024-10-11T12:48:30 IST">
  <testcase classname="test.test1$test2" name="demo4" time="0.01"/>
  <testcase classname="javabasicprograms.sample" name="emailValidation" time="0.004"/>
  <testcase classname="javabasicprograms.sample" name="splitFromEmail" time="0.003"/>
  <testcase classname="javabasicprograms.oddeven" name="leapyear" time="0.003"/>
  <testcase classname="javabasicprograms.oddeven" name="multiply" time="0.002"/>
  <testcase classname="javabasicprograms.oddeven" name="oddeven1" time="0.002"/>
  <testcase classname="test.test1" name="demo3" time="0.001"/>
  <testcase classname="test.test1" name="demo5" time="0.004"/>
  <testcase classname="test.test1" name="demo5" time="0.002"/>
  <testcase classname="test.test1" name="demo5" time="0.0"/>
  <testcase classname="test.test2" name="Airside" time="0.001"/>
  <testcase classname="test.test2" name="Bussiness" time="0.0"/>
  <testcase classname="test.test2" name="SeatType" time="0.001"/>
  <testcase classname="test.test2" name="WindowType" time="0.001"/>
  <testcase classname="test.test2" name="SeatPreference" time="0.004"/>
  <testcase classname="test.test2" name="ecomomy" time="0.0">
    <failure type="org.testng.TestNGException" message="
Parameter &amp;apos;URL&amp;apos; is required by @Test on method ecomomy but has not been marked @Optional or defined
in C:\Users\a819538\eclipse-workspace\PractiseQuestions(learning)\testng2.xml">
      <![CDATA[org.testng.TestNGException: 
Parameter 'URL' is required by @Test on method ecomomy but has not been marked @Optional or defined
in C:\Users\a819538\eclipse-workspace\PractiseQuestions(learning)\testng2.xml
at java.base/java.util.ArrayList.forEach(ArrayList.java:1596)
... Removed 26 stack frames]]>
    </failure>
  </testcase> <!-- ecomomy -->
  <testcase classname="test.test2" name="ticketbooking" time="0.008"/>
  <testcase classname="test.ChildClass" name="calculate" time="0.005"/>
  <testcase classname="test.ChildClass" name="run" time="0.002"/>
  <testcase classname="test.test2" name="wheel" time="0.0">
    <ignored/>
  </testcase> <!-- wheel -->
</testsuite> <!-- Test -->
